2020-08-05 at 16:08:48 CST [restartedMain] INFO  com.explore.galaxy.GalaxyApplication 55 logStarting - Starting GalaxyApplication on DESKTOP-6FPE6VG with PID 8028 (C:\Users\JQ\Desktop\Explore-Git\explore\target\classes started by JQ in C:\Users\JQ\Desktop\Explore-Git\explore)
2020-08-05 at 16:08:48 CST [restartedMain] INFO  com.explore.galaxy.GalaxyApplication 655 logStartupProfileInfo - The following profiles are active: dev
2020-08-05 at 16:08:48 CST [restartedMain] INFO  org.springframework.boot.devtools.env.DevToolsPropertyDefaultsPostProcessor 225 logTo - Devtools property defaults active! Set 'spring.devtools.add-properties' to 'false' to disable
2020-08-05 at 16:08:48 CST [restartedMain] INFO  org.springframework.boot.devtools.env.DevToolsPropertyDefaultsPostProcessor 225 logTo - For additional web related logging consider setting the 'logging.level.web' property to 'DEBUG'
2020-08-05 at 16:08:51 CST [restartedMain] INFO  org.springframework.boot.web.embedded.tomcat.TomcatWebServer 92 initialize - Tomcat initialized with port(s): 8080 (http)
2020-08-05 at 16:08:51 CST [restartedMain] INFO  org.apache.coyote.http11.Http11NioProtocol 173 log - Initializing ProtocolHandler ["http-nio-8080"]
2020-08-05 at 16:08:51 CST [restartedMain] INFO  org.apache.catalina.core.StandardService 173 log - Starting service [Tomcat]
2020-08-05 at 16:08:51 CST [restartedMain] INFO  org.apache.catalina.core.StandardEngine 173 log - Starting Servlet engine: [Apache Tomcat/9.0.33]
2020-08-05 at 16:08:51 CST [restartedMain] INFO  org.apache.catalina.core.ContainerBase.[Tomcat].[localhost].[/] 173 log - Initializing Spring embedded WebApplicationContext
2020-08-05 at 16:08:51 CST [restartedMain] INFO  org.springframework.web.context.ContextLoader 284 prepareWebApplicationContext - Root WebApplicationContext: initialization completed in 2641 ms
2020-08-05 at 16:08:52 CST [restartedMain] INFO  org.springframework.scheduling.concurrent.ThreadPoolTaskExecutor 181 initialize - Initializing ExecutorService 'applicationTaskExecutor'
2020-08-05 at 16:08:52 CST [restartedMain] INFO  org.springframework.boot.devtools.autoconfigure.OptionalLiveReloadServer 58 startServer - LiveReload server is running on port 35729
2020-08-05 at 16:08:53 CST [restartedMain] INFO  springfox.documentation.spring.web.plugins.DocumentationPluginsBootstrapper 120 start - Context refreshed
2020-08-05 at 16:08:53 CST [restartedMain] INFO  springfox.documentation.spring.web.plugins.DocumentationPluginsBootstrapper 123 start - Found 1 custom documentation plugin(s)
2020-08-05 at 16:08:53 CST [restartedMain] INFO  springfox.documentation.spring.web.scanners.ApiListingReferenceScanner 41 scan - Scanning for api listing references
2020-08-05 at 16:08:53 CST [restartedMain] INFO  org.apache.coyote.http11.Http11NioProtocol 173 log - Starting ProtocolHandler ["http-nio-8080"]
2020-08-05 at 16:08:54 CST [restartedMain] INFO  org.springframework.boot.web.embedded.tomcat.TomcatWebServer 204 start - Tomcat started on port(s): 8080 (http) with context path ''
2020-08-05 at 16:08:54 CST [restartedMain] INFO  com.explore.galaxy.GalaxyApplication 61 logStarted - Started GalaxyApplication in 6.148 seconds (JVM running for 8.917)
2020-08-05 at 16:10:14 CST [Thread-17] INFO  org.springframework.scheduling.concurrent.ThreadPoolTaskExecutor 218 shutdown - Shutting down ExecutorService 'applicationTaskExecutor'
2020-08-05 at 16:10:14 CST [restartedMain] INFO  com.explore.galaxy.GalaxyApplication 55 logStarting - Starting GalaxyApplication on DESKTOP-6FPE6VG with PID 8028 (C:\Users\JQ\Desktop\Explore-Git\explore\target\classes started by JQ in C:\Users\JQ\Desktop\Explore-Git\explore)
2020-08-05 at 16:10:14 CST [restartedMain] INFO  com.explore.galaxy.GalaxyApplication 655 logStartupProfileInfo - The following profiles are active: dev
2020-08-05 at 16:10:15 CST [restartedMain] INFO  org.springframework.boot.web.embedded.tomcat.TomcatWebServer 92 initialize - Tomcat initialized with port(s): 8080 (http)
2020-08-05 at 16:10:15 CST [restartedMain] INFO  org.apache.coyote.http11.Http11NioProtocol 173 log - Initializing ProtocolHandler ["http-nio-8080"]
2020-08-05 at 16:10:15 CST [restartedMain] INFO  org.apache.catalina.core.StandardService 173 log - Starting service [Tomcat]
2020-08-05 at 16:10:15 CST [restartedMain] INFO  org.apache.catalina.core.StandardEngine 173 log - Starting Servlet engine: [Apache Tomcat/9.0.33]
2020-08-05 at 16:10:15 CST [restartedMain] INFO  org.apache.catalina.core.ContainerBase.[Tomcat].[localhost].[/] 173 log - Initializing Spring embedded WebApplicationContext
2020-08-05 at 16:10:15 CST [restartedMain] INFO  org.springframework.web.context.ContextLoader 284 prepareWebApplicationContext - Root WebApplicationContext: initialization completed in 1062 ms
2020-08-05 at 16:10:16 CST [restartedMain] INFO  org.springframework.scheduling.concurrent.ThreadPoolTaskExecutor 181 initialize - Initializing ExecutorService 'applicationTaskExecutor'
2020-08-05 at 16:10:16 CST [restartedMain] INFO  org.springframework.boot.devtools.autoconfigure.OptionalLiveReloadServer 58 startServer - LiveReload server is running on port 35729
2020-08-05 at 16:10:17 CST [restartedMain] INFO  springfox.documentation.spring.web.plugins.DocumentationPluginsBootstrapper 120 start - Context refreshed
2020-08-05 at 16:10:17 CST [restartedMain] INFO  springfox.documentation.spring.web.plugins.DocumentationPluginsBootstrapper 123 start - Found 1 custom documentation plugin(s)
2020-08-05 at 16:10:17 CST [restartedMain] INFO  springfox.documentation.spring.web.scanners.ApiListingReferenceScanner 41 scan - Scanning for api listing references
2020-08-05 at 16:10:17 CST [restartedMain] INFO  org.apache.coyote.http11.Http11NioProtocol 173 log - Starting ProtocolHandler ["http-nio-8080"]
2020-08-05 at 16:10:17 CST [restartedMain] INFO  org.springframework.boot.web.embedded.tomcat.TomcatWebServer 204 start - Tomcat started on port(s): 8080 (http) with context path ''
2020-08-05 at 16:10:17 CST [restartedMain] INFO  com.explore.galaxy.GalaxyApplication 61 logStarted - Started GalaxyApplication in 2.578 seconds (JVM running for 92.184)
2020-08-05 at 16:10:17 CST [restartedMain] INFO  org.springframework.boot.devtools.autoconfigure.ConditionEvaluationDeltaLoggingListener 63 onApplicationEvent - Condition evaluation unchanged
2020-08-05 at 16:10:55 CST [Thread-27] INFO  org.springframework.scheduling.concurrent.ThreadPoolTaskExecutor 218 shutdown - Shutting down ExecutorService 'applicationTaskExecutor'
